<?xml version="1.0" encoding="UTF-8"?>
<!-- Generated by org.testng.reporters.JUnitXMLReporter -->
<testsuite hostname="DELL-PC" name="Test-1" tests="1" failures="0" timestamp="6 May 2018 08:02:39 GMT" time="0.619" errors="0">
  <testcase name="feature" time="0.0" classname="runners.Facebook_TestRunner">
    <skipped/>
  </testcase> <!-- feature -->
</testsuite> <!-- Test-1 -->
