<?xml version="1.0" encoding="UTF-8"?>
<testsuite name="runner.TestRunner" time="0.003" tests="24" errors="0" skipped="0" failures="0">
  <properties>
    <property name="java.runtime.name" value="Java(TM) SE Runtime Environment"/>
    <property name="sun.boot.library.path" value="C:\Program Files\Java\jdk1.8.0_101\jre\bin"/>
    <property name="java.vm.version" value="25.101-b13"/>
    <property name="java.vm.vendor" value="Oracle Corporation"/>
    <property name="maven.multiModuleProjectDirectory" value="C:\Users\DELL\git\Cucumber\Cucumber_Maven_Se-254"/>
    <property name="java.vendor.url" value="http://java.oracle.com/"/>
    <property name="path.separator" value=";"/>
    <property name="guice.disable.misplaced.annotation.check" value="true"/>
    <property name="java.vm.name" value="Java HotSpot(TM) 64-Bit Server VM"/>
    <property name="file.encoding.pkg" value="sun.io"/>
    <property name="user.script" value=""/>
    <property name="user.country" value="US"/>
    <property name="sun.java.launcher" value="SUN_STANDARD"/>
    <property name="sun.os.patch.level" value="Service Pack 1"/>
    <property name="java.vm.specification.name" value="Java Virtual Machine Specification"/>
    <property name="user.dir" value="C:\Users\DELL\git\Cucumber\Cucumber_Maven_Se-254"/>
    <property name="java.runtime.version" value="1.8.0_101-b13"/>
    <property name="java.awt.graphicsenv" value="sun.awt.Win32GraphicsEnvironment"/>
    <property name="java.endorsed.dirs" value="C:\Program Files\Java\jdk1.8.0_101\jre\lib\endorsed"/>
    <property name="os.arch" value="amd64"/>
    <property name="java.io.tmpdir" value="C:\Users\DELL\AppData\Local\Temp\"/>
    <property name="line.separator" value="&#10;"/>
    <property name="java.vm.specification.vendor" value="Oracle Corporation"/>
    <property name="user.variant" value=""/>
    <property name="os.name" value="Windows 7"/>
    <property name="classworlds.conf" value="C:\Users\DELL\Desktop\Selenium\Selenium_WorkSpace\.metadata\.plugins\org.eclipse.m2e.launching\launches\m2conf8024835409361778176.tmp"/>
    <property name="sun.jnu.encoding" value="Cp1252"/>
    <property name="java.library.path" value="C:\Program Files\Java\jdk1.8.0_101\bin;C:\Windows\Sun\Java\bin;C:\Windows\system32;C:\Windows;C:/Program Files/Java/jdk1.8.0_101/bin/../jre/bin/server;C:/Program Files/Java/jdk1.8.0_101/bin/../jre/bin;C:/Program Files/Java/jdk1.8.0_101/bin/../jre/lib/amd64;E:\app\DELL\product\11.2.0\dbhome_1\bin;C:\Windows\system32;C:\Windows;C:\Windows\System32\Wbem;C:\Windows\System32\WindowsPowerShell\v1.0\;C:\Program Files (x86)\HP\Unified Functional Testing\bin;C:\Program Files (x86)\Skype\Phone\;%ANT_HOME%\bin;%JAVA_HOME%\bin;C:\Program Files\nodejs\;C:\Users\DELL\Desktop\Selenium-Downloads\*;%MAVEN_HOME%\bin;C:\IEDriverServer.exe;C:\Program Files\Git\cmd;C:\Users\DELL\AppData\Local\Programs\Python\Python36-32\Scripts\;C:\Users\DELL\AppData\Local\Programs\Python\Python36-32\;C:\Program Files\Java\jdk1.8.0_101\bin;C:\Users\DELL\Desktop\Selenium-Downloads\apache-ant-1.10.1-bin\apache-ant-1.10.1\bin;C:\Users\DELL\AppData\Roaming\npm;C:\IEDriverServer.exe;C:\apache-maven-3.5.2\bin;C:\Users\DELL\Desktop;;C:\Program Files (x86)\HP\Unified Functional Testing\\bin64;."/>
    <property name="java.specification.name" value="Java Platform API Specification"/>
    <property name="java.class.version" value="52.0"/>
    <property name="sun.management.compiler" value="HotSpot 64-Bit Tiered Compilers"/>
    <property name="os.version" value="6.1"/>
    <property name="user.home" value="C:\Users\DELL"/>
    <property name="user.timezone" value="Asia/Calcutta"/>
    <property name="java.awt.printerjob" value="sun.awt.windows.WPrinterJob"/>
    <property name="java.specification.version" value="1.8"/>
    <property name="file.encoding" value="Cp1252"/>
    <property name="user.name" value="DELL"/>
    <property name="java.class.path" value="/C:/Eclipse/eclipse/../../Users/DELL/.p2/pool/plugins/org.eclipse.m2e.maven.runtime_1.7.0.20160603-1931/jars/plexus-classworlds-2.5.2.jar"/>
    <property name="java.vm.specification.version" value="1.8"/>
    <property name="sun.arch.data.model" value="64"/>
    <property name="java.home" value="C:\Program Files\Java\jdk1.8.0_101\jre"/>
    <property name="sun.java.command" value="org.codehaus.plexus.classworlds.launcher.Launcher -B install"/>
    <property name="java.specification.vendor" value="Oracle Corporation"/>
    <property name="user.language" value="en"/>
    <property name="awt.toolkit" value="sun.awt.windows.WToolkit"/>
    <property name="java.vm.info" value="mixed mode"/>
    <property name="java.version" value="1.8.0_101"/>
    <property name="java.ext.dirs" value="C:\Program Files\Java\jdk1.8.0_101\jre\lib\ext;C:\Windows\Sun\Java\lib\ext"/>
    <property name="sun.boot.class.path" value="C:\Program Files\Java\jdk1.8.0_101\jre\lib\resources.jar;C:\Program Files\Java\jdk1.8.0_101\jre\lib\rt.jar;C:\Program Files\Java\jdk1.8.0_101\jre\lib\sunrsasign.jar;C:\Program Files\Java\jdk1.8.0_101\jre\lib\jsse.jar;C:\Program Files\Java\jdk1.8.0_101\jre\lib\jce.jar;C:\Program Files\Java\jdk1.8.0_101\jre\lib\charsets.jar;C:\Program Files\Java\jdk1.8.0_101\jre\lib\jfr.jar;C:\Program Files\Java\jdk1.8.0_101\jre\classes;C:\Program Files (x86)\HP\Unified Functional Testing\bin\java_shared\classes;C:\Program Files (x86)\HP\Unified Functional Testing\bin\java_shared\classes\jasmine.jar"/>
    <property name="java.vendor" value="Oracle Corporation"/>
    <property name="maven.home" value="C:\Users\DELL\git\Cucumber\Cucumber_Maven_Se-254\EMBEDDED"/>
    <property name="file.separator" value="\"/>
    <property name="java.vendor.url.bug" value="http://bugreport.sun.com/bugreport/"/>
    <property name="sun.cpu.endian" value="little"/>
    <property name="sun.io.unicode.encoding" value="UnicodeLittle"/>
    <property name="sun.desktop" value="windows"/>
    <property name="sun.cpu.isalist" value="amd64"/>
  </properties>
  <testcase name="Given Open Chrome and launch Facebook" classname="Scenario: Login to Facebook with Valid Credentials - No Parameter" time="0.003"/>
  <testcase name="When User Enter valid UserName and Password" classname="Scenario: Login to Facebook with Valid Credentials - No Parameter" time="0"/>
  <testcase name="And Click login button" classname="Scenario: Login to Facebook with Valid Credentials - No Parameter" time="0"/>
  <testcase name="Then User should login successfully" classname="Scenario: Login to Facebook with Valid Credentials - No Parameter" time="0"/>
  <testcase name="And Close Browser" classname="Scenario: Login to Facebook with Valid Credentials - No Parameter" time="0"/>
  <testcase name="Scenario: Login to Facebook with Valid Credentials - No Parameter" classname="Scenario: Login to Facebook with Valid Credentials - No Parameter" time="0"/>
  <testcase name="Given Open Chrome and launch Facebook" classname="Scenario: Login to Facebook with Valid Credentials - with Parameter" time="0"/>
  <testcase name="When User Enter valid &quot;UserName&quot; and &quot;Password&quot;" classname="Scenario: Login to Facebook with Valid Credentials - with Parameter" time="0"/>
  <testcase name="And Click login button" classname="Scenario: Login to Facebook with Valid Credentials - with Parameter" time="0"/>
  <testcase name="Then User should login successfully" classname="Scenario: Login to Facebook with Valid Credentials - with Parameter" time="0"/>
  <testcase name="And Close Browser" classname="Scenario: Login to Facebook with Valid Credentials - with Parameter" time="0"/>
  <testcase name="Scenario: Login to Facebook with Valid Credentials - with Parameter" classname="Scenario: Login to Facebook with Valid Credentials - with Parameter" time="0"/>
  <testcase name="Given Open Chrome and launch Facebook" classname="| SwapOne | PasswordOne |" time="0"/>
  <testcase name="When User Enter valid &quot;SwapOne&quot; and &quot;PasswordOne&quot;" classname="| SwapOne | PasswordOne |" time="0"/>
  <testcase name="And Click login button" classname="| SwapOne | PasswordOne |" time="0"/>
  <testcase name="Then User should login successfully" classname="| SwapOne | PasswordOne |" time="0"/>
  <testcase name="And Close Browser" classname="| SwapOne | PasswordOne |" time="0"/>
  <testcase name="| SwapOne | PasswordOne |" classname="| SwapOne | PasswordOne |" time="0"/>
  <testcase name="Given Open Chrome and launch Facebook" classname="| SwapTwo | PasswordTwo |" time="0"/>
  <testcase name="When User Enter valid &quot;SwapTwo&quot; and &quot;PasswordTwo&quot;" classname="| SwapTwo | PasswordTwo |" time="0"/>
  <testcase name="And Click login button" classname="| SwapTwo | PasswordTwo |" time="0"/>
  <testcase name="Then User should login successfully" classname="| SwapTwo | PasswordTwo |" time="0"/>
  <testcase name="And Close Browser" classname="| SwapTwo | PasswordTwo |" time="0"/>
  <testcase name="| SwapTwo | PasswordTwo |" classname="| SwapTwo | PasswordTwo |" time="0"/>
</testsuite>