<?xml version="1.0" encoding="UTF-8"?>
<!-- Generated by org.testng.reporters.JUnitReportReporter -->
<testsuite hostname="DELL-PC" name="runners.Facebook_TestRunner" tests="1" failures="0" timestamp="6 May 2018 08:08:16 GMT" time="162.548" errors="0">
  <testcase name="feature" time="162.548" classname="runners.Facebook_TestRunner"/>
</testsuite> <!-- runners.Facebook_TestRunner -->
