<?xml version="1.0" encoding="UTF-8"?>
<!-- Generated by org.testng.reporters.JUnitReportReporter -->
<testsuite hostname="DELL-PC" name="com.CucumberTestNG.runner.Facebook_TestRunner" tests="1" failures="0" timestamp="1 May 2018 14:46:53 GMT" time="43.804" errors="0">
  <testcase name="feature" time="43.804" classname="com.CucumberTestNG.runner.Facebook_TestRunner"/>
</testsuite> <!-- com.CucumberTestNG.runner.Facebook_TestRunner -->
